# JRE version: OpenJDK Runtime Environment (8.0_152-b06) (build 1.8.0_152-release-1136-b06)
# Java VM: OpenJDK 64-Bit Server VM (25.152-b06 mixed mode windows-amd64 compressed oops)
Heap:
 PSYoungGen      total 401408K, used 39645K [0x00000000e0000000, 0x00000000fc100000, 0x0000000100000000)
  eden space 343040K, 7% used [0x00000000e0000000,0x00000000e1a22630,0x00000000f4f00000)
  from space 58368K, 22% used [0x00000000f4f00000,0x00000000f5b950b0,0x00000000f8800000)
  to   space 55296K, 0% used [0x00000000f8b00000,0x00000000f8b00000,0x00000000fc100000)
 ParOldGen       total 240640K, used 87454K [0x00000000a0000000, 0x00000000aeb00000, 0x00000000e0000000)
  object space 240640K, 36% used [0x00000000a0000000,0x00000000a55678d8,0x00000000aeb00000)
 Metaspace       used 104398K, capacity 111296K, committed 111576K, reserved 1146880K
  class space    used 13011K, capacity 14519K, committed 14592K, reserved 1048576K
GC Heap History (10 events):
Event: 5293.265 GC heap before
{Heap before GC invocations=59 (full 4):
 PSYoungGen      total 395776K, used 338883K [0x00000000e0000000, 0x00000000fc200000, 0x0000000100000000)
  eden space 331776K, 100% used [0x00000000e0000000,0x00000000f4400000,0x00000000f4400000)
  from space 64000K, 11% used [0x00000000f8380000,0x00000000f8a70e20,0x00000000fc200000)
  to   space 64512K, 0% used [0x00000000f4400000,0x00000000f4400000,0x00000000f8300000)
 ParOldGen       total 240640K, used 86862K [0x00000000a0000000, 0x00000000aeb00000, 0x00000000e0000000)
  object space 240640K, 36% used [0x00000000a0000000,0x00000000a54d38d8,0x00000000aeb00000)
 Metaspace       used 101896K, capacity 108694K, committed 108888K, reserved 1144832K
  class space    used 12753K, capacity 14206K, committed 14208K, reserved 1048576K
Event: 5293.273 GC heap after
Heap after GC invocations=59 (full 4):
 PSYoungGen      total 396288K, used 6550K [0x00000000e0000000, 0x00000000fc880000, 0x0000000100000000)
  eden space 331776K, 0% used [0x00000000e0000000,0x00000000e0000000,0x00000000f4400000)
  from space 64512K, 10% used [0x00000000f4400000,0x00000000f4a65908,0x00000000f8300000)
  to   space 64512K, 0% used [0x00000000f8980000,0x00000000f8980000,0x00000000fc880000)
 ParOldGen       total 240640K, used 86894K [0x00000000a0000000, 0x00000000aeb00000, 0x00000000e0000000)
  object space 240640K, 36% used [0x00000000a0000000,0x00000000a54db8d8,0x00000000aeb00000)
 Metaspace       used 101896K, capacity 108694K, committed 108888K, reserved 1144832K
  class space    used 12753K, capacity 14206K, committed 14208K, reserved 1048576K
}
Event: 5377.652 GC heap before
{Heap before GC invocations=60 (full 4):
 PSYoungGen      total 396288K, used 334275K [0x00000000e0000000, 0x00000000fc880000, 0x0000000100000000)
  eden space 331776K, 98% used [0x00000000e0000000,0x00000000f400b408,0x00000000f4400000)
  from space 64512K, 10% used [0x00000000f4400000,0x00000000f4a65908,0x00000000f8300000)
  to   space 64512K, 0% used [0x00000000f8980000,0x00000000f8980000,0x00000000fc880000)
 ParOldGen       total 240640K, used 86894K [0x00000000a0000000, 0x00000000aeb00000, 0x00000000e0000000)
  object space 240640K, 36% used [0x00000000a0000000,0x00000000a54db8d8,0x00000000aeb00000)
 Metaspace       used 102642K, capacity 109442K, committed 109528K, reserved 1144832K
  class space    used 12836K, capacity 14310K, committed 14336K, reserved 1048576K
Event: 5377.713 GC heap after
Heap after GC invocations=60 (full 4):
 PSYoungGen      total 400896K, used 34821K [0x00000000e0000000, 0x00000000fc700000, 0x0000000100000000)
  eden space 337920K, 0% used [0x00000000e0000000,0x00000000e0000000,0x00000000f4a00000)
  from space 62976K, 55% used [0x00000000f8980000,0x00000000fab81620,0x00000000fc700000)
  to   space 64000K, 0% used [0x00000000f4a00000,0x00000000f4a00000,0x00000000f8880000)
 ParOldGen       total 240640K, used 87118K [0x00000000a0000000, 0x00000000aeb00000, 0x00000000e0000000)
  object space 240640K, 36% used [0x00000000a0000000,0x00000000a55138d8,0x00000000aeb00000)
 Metaspace       used 102642K, capacity 109442K, committed 109528K, reserved 1144832K
  class space    used 12836K, capacity 14310K, committed 14336K, reserved 1048576K
}
Event: 5450.114 GC heap before
{Heap before GC invocations=61 (full 4):
 PSYoungGen      total 400896K, used 371578K [0x00000000e0000000, 0x00000000fc700000, 0x0000000100000000)
  eden space 337920K, 99% used [0x00000000e0000000,0x00000000f48dd4f8,0x00000000f4a00000)
  from space 62976K, 55% used [0x00000000f8980000,0x00000000fab81620,0x00000000fc700000)
  to   space 64000K, 0% used [0x00000000f4a00000,0x00000000f4a00000,0x00000000f8880000)
 ParOldGen       total 240640K, used 87118K [0x00000000a0000000, 0x00000000aeb00000, 0x00000000e0000000)
  object space 240640K, 36% used [0x00000000a0000000,0x00000000a55138d8,0x00000000aeb00000)
 Metaspace       used 103444K, capacity 110254K, committed 110424K, reserved 1144832K
  class space    used 12922K, capacity 14414K, committed 14464K, reserved 1048576K
Event: 5450.196 GC heap after
Heap after GC invocations=61 (full 4):
 PSYoungGen      total 401920K, used 26855K [0x00000000e0000000, 0x00000000fc600000, 0x0000000100000000)
  eden space 337920K, 0% used [0x00000000e0000000,0x00000000e0000000,0x00000000f4a00000)
  from space 64000K, 41% used [0x00000000f4a00000,0x00000000f6439d58,0x00000000f8880000)
  to   space 60416K, 0% used [0x00000000f8b00000,0x00000000f8b00000,0x00000000fc600000)
 ParOldGen       total 240640K, used 87150K [0x00000000a0000000, 0x00000000aeb00000, 0x00000000e0000000)
  object space 240640K, 36% used [0x00000000a0000000,0x00000000a551b8d8,0x00000000aeb00000)
 Metaspace       used 103444K, capacity 110254K, committed 110424K, reserved 1144832K
  class space    used 12922K, capacity 14414K, committed 14464K, reserved 1048576K
}
Event: 5586.326 GC heap before
{Heap before GC invocations=62 (full 4):
 PSYoungGen      total 401920K, used 363309K [0x00000000e0000000, 0x00000000fc600000, 0x0000000100000000)
  eden space 337920K, 99% used [0x00000000e0000000,0x00000000f4891708,0x00000000f4a00000)
  from space 64000K, 41% used [0x00000000f4a00000,0x00000000f6439d58,0x00000000f8880000)
  to   space 60416K, 0% used [0x00000000f8b00000,0x00000000f8b00000,0x00000000fc600000)
 ParOldGen       total 240640K, used 87150K [0x00000000a0000000, 0x00000000aeb00000, 0x00000000e0000000)
  object space 240640K, 36% used [0x00000000a0000000,0x00000000a551b8d8,0x00000000aeb00000)
 Metaspace       used 104241K, capacity 111070K, committed 111320K, reserved 1146880K
  class space    used 13006K, capacity 14518K, committed 14592K, reserved 1048576K
Event: 5586.355 GC heap after
Heap after GC invocations=62 (full 4):
 PSYoungGen      total 398336K, used 20880K [0x00000000e0000000, 0x00000000fc100000, 0x0000000100000000)
  eden space 343040K, 0% used [0x00000000e0000000,0x00000000e0000000,0x00000000f4f00000)
  from space 55296K, 37% used [0x00000000f8b00000,0x00000000f9f641d0,0x00000000fc100000)
  to   space 58368K, 0% used [0x00000000f4f00000,0x00000000f4f00000,0x00000000f8800000)
 ParOldGen       total 240640K, used 87318K [0x00000000a0000000, 0x00000000aeb00000, 0x00000000e0000000)
  object space 240640K, 36% used [0x00000000a0000000,0x00000000a55458d8,0x00000000aeb00000)
 Metaspace       used 104241K, capacity 111070K, committed 111320K, reserved 1146880K
  class space    used 13006K, capacity 14518K, committed 14592K, reserved 1048576K
}
Event: 6159.226 GC heap before
{Heap before GC invocations=63 (full 4):
 PSYoungGen      total 398336K, used 363920K [0x00000000e0000000, 0x00000000fc100000, 0x0000000100000000)
  eden space 343040K, 100% used [0x00000000e0000000,0x00000000f4f00000,0x00000000f4f00000)
  from space 55296K, 37% used [0x00000000f8b00000,0x00000000f9f641d0,0x00000000fc100000)
  to   space 58368K, 0% used [0x00000000f4f00000,0x00000000f4f00000,0x00000000f8800000)
 ParOldGen       total 240640K, used 87318K [0x00000000a0000000, 0x00000000aeb00000, 0x00000000e0000000)
  object space 240640K, 36% used [0x00000000a0000000,0x00000000a55458d8,0x00000000aeb00000)
 Metaspace       used 104378K, capacity 111290K, committed 111576K, reserved 1146880K
  class space    used 13011K, capacity 14518K, committed 14592K, reserved 1048576K
Event: 6159.326 GC heap after
Heap after GC invocations=63 (full 4):
 PSYoungGen      total 401408K, used 12884K [0x00000000e0000000, 0x00000000fc100000, 0x0000000100000000)
  eden space 343040K, 0% used [0x00000000e0000000,0x00000000e0000000,0x00000000f4f00000)
  from space 58368K, 22% used [0x00000000f4f00000,0x00000000f5b950b0,0x00000000f8800000)
  to   space 55296K, 0% used [0x00000000f8b00000,0x00000000f8b00000,0x00000000fc100000)
 ParOldGen       total 240640K, used 87454K [0x00000000a0000000, 0x00000000aeb00000, 0x00000000e0000000)
  object space 240640K, 36% used [0x00000000a0000000,0x00000000a55678d8,0x00000000aeb00000)
 Metaspace       used 104378K, capacity 111290K, committed 111576K, reserved 1146880K
  class space    used 13011K, capacity 14518K, committed 14592K, reserved 1048576K
}

